0 info it worked if it ends with ok
1 verbose cli [ 'node',
1 verbose cli   '/usr/local/bin/npm',
1 verbose cli   'install',
1 verbose cli   '--global',
1 verbose cli   'generator-webapp' ]
2 info using npm@2.5.1
3 info using node@v0.12.0
4 silly cache add args [ 'generator-webapp', null ]
5 verbose cache add spec generator-webapp
6 silly cache add parsed spec { raw: 'generator-webapp',
6 silly cache add   scope: null,
6 silly cache add   name: 'generator-webapp',
6 silly cache add   rawSpec: '',
6 silly cache add   spec: '*',
6 silly cache add   type: 'range' }
7 verbose addNamed generator-webapp@*
8 silly addNamed semver.valid null
9 silly addNamed semver.validRange *
10 silly addNameRange { name: 'generator-webapp', range: '*', hasData: false }
11 silly mapToRegistry name generator-webapp
12 silly mapToRegistry using default registry
13 silly mapToRegistry registry https://registry.npmjs.org/
14 silly mapToRegistry uri https://registry.npmjs.org/generator-webapp
15 verbose addNameRange registry:https://registry.npmjs.org/generator-webapp not in flight; fetching
16 verbose request uri https://registry.npmjs.org/generator-webapp
17 verbose request no auth needed
18 info attempt registry request try #1 at 5:44:53 PM
19 verbose request id 7d47719d08da7e6b
20 http request GET https://registry.npmjs.org/generator-webapp
21 http 200 https://registry.npmjs.org/generator-webapp
22 silly get cb [ 200,
22 silly get   { server: 'CouchDB/1.5.0 (Erlang OTP/R16B03)',
22 silly get     etag: '"D4V5EYSQW34GB37ZUGSWTRYBQ"',
22 silly get     'content-type': 'application/json',
22 silly get     'content-encoding': 'gzip',
22 silly get     'cache-control': 'max-age=300',
22 silly get     'content-length': '8323',
22 silly get     'accept-ranges': 'bytes',
22 silly get     date: 'Tue, 26 Apr 2016 14:44:53 GMT',
22 silly get     via: '1.1 varnish',
22 silly get     age: '5',
22 silly get     connection: 'keep-alive',
22 silly get     'x-served-by': 'cache-fra1225-FRA',
22 silly get     'x-cache': 'HIT',
22 silly get     'x-cache-hits': '33',
22 silly get     'x-timer': 'S1461681893.270435,VS0,VE0',
22 silly get     vary: 'Accept-Encoding' } ]
23 verbose get saving generator-webapp to /Users/Darius/.npm/registry.npmjs.org/generator-webapp/.cache.json
24 silly addNameRange number 2 { name: 'generator-webapp', range: '*', hasData: true }
25 silly addNameRange versions [ 'generator-webapp',
25 silly addNameRange   [ '0.1.0',
25 silly addNameRange     '0.1.1',
25 silly addNameRange     '0.1.2',
25 silly addNameRange     '0.1.3',
25 silly addNameRange     '0.1.4',
25 silly addNameRange     '0.1.5',
25 silly addNameRange     '0.1.6',
25 silly addNameRange     '0.1.7',
25 silly addNameRange     '0.2.0',
25 silly addNameRange     '0.2.1',
25 silly addNameRange     '0.2.2',
25 silly addNameRange     '0.2.3',
25 silly addNameRange     '0.2.4',
25 silly addNameRange     '0.2.5',
25 silly addNameRange     '0.2.6',
25 silly addNameRange     '0.2.7',
25 silly addNameRange     '0.3.0',
25 silly addNameRange     '0.3.1',
25 silly addNameRange     '0.4.0',
25 silly addNameRange     '0.4.1',
25 silly addNameRange     '0.4.2',
25 silly addNameRange     '0.4.3',
25 silly addNameRange     '0.4.4',
25 silly addNameRange     '0.4.5',
25 silly addNameRange     '0.4.6',
25 silly addNameRange     '0.4.7',
25 silly addNameRange     '0.4.8',
25 silly addNameRange     '0.4.9',
25 silly addNameRange     '0.5.0-1',
25 silly addNameRange     '0.5.0-rc.1',
25 silly addNameRange     '0.5.0-2',
25 silly addNameRange     '0.5.0',
25 silly addNameRange     '0.5.1',
25 silly addNameRange     '0.6.0',
25 silly addNameRange     '0.6.1',
25 silly addNameRange     '0.6.2',
25 silly addNameRange     '1.0.0',
25 silly addNameRange     '1.0.1',
25 silly addNameRange     '1.1.0',
25 silly addNameRange     '1.1.1',
25 silly addNameRange     '1.1.2',
25 silly addNameRange     '2.0.0' ] ]
26 verbose addNamed generator-webapp@2.0.0
27 silly addNamed semver.valid 2.0.0
28 silly addNamed semver.validRange 2.0.0
29 silly mapToRegistry name generator-webapp
30 silly mapToRegistry using default registry
31 silly mapToRegistry registry https://registry.npmjs.org/
32 silly mapToRegistry uri https://registry.npmjs.org/generator-webapp
33 verbose addRemoteTarball https://registry.npmjs.org/generator-webapp/-/generator-webapp-2.0.0.tgz not in flight; adding
34 verbose addRemoteTarball [ 'https://registry.npmjs.org/generator-webapp/-/generator-webapp-2.0.0.tgz',
34 verbose addRemoteTarball   '4c18813e28096f9596a59d64e0b2e84a2a529378' ]
35 info retry fetch attempt 1 at 5:44:53 PM
36 info attempt registry request try #1 at 5:44:53 PM
37 http fetch GET https://registry.npmjs.org/generator-webapp/-/generator-webapp-2.0.0.tgz
38 http fetch 200 https://registry.npmjs.org/generator-webapp/-/generator-webapp-2.0.0.tgz
39 silly fetchAndShaCheck shasum 4c18813e28096f9596a59d64e0b2e84a2a529378
40 verbose addTmpTarball /var/folders/04/tv_rb4s961j8l0dwj9c8kw9h0000gp/T/npm-47388-6c76a362/registry.npmjs.org/generator-webapp/-/generator-webapp-2.0.0.tgz not in flight; adding
41 verbose addTmpTarball already have metadata; skipping unpack for generator-webapp@2.0.0
42 silly cache afterAdd generator-webapp@2.0.0
43 verbose afterAdd /Users/Darius/.npm/generator-webapp/2.0.0/package/package.json not in flight; writing
44 verbose afterAdd /Users/Darius/.npm/generator-webapp/2.0.0/package/package.json written
45 silly install resolved [ { name: 'generator-webapp',
45 silly install resolved     version: '2.0.0',
45 silly install resolved     description: 'Scaffold out a front-end web app',
45 silly install resolved     license: 'BSD-2-Clause',
45 silly install resolved     repository:
45 silly install resolved      { type: 'git',
45 silly install resolved        url: 'git+https://github.com/yeoman/generator-webapp.git' },
45 silly install resolved     author: { name: 'The Yeoman Team' },
45 silly install resolved     main: 'app/index.js',
45 silly install resolved     engines: { node: '>=0.10.0', npm: '>=1.3' },
45 silly install resolved     scripts: { test: 'mocha --reporter spec --timeout 3000' },
45 silly install resolved     files: [ 'app' ],
45 silly install resolved     keywords:
45 silly install resolved      [ 'yeoman-generator',
45 silly install resolved        'web',
45 silly install resolved        'app',
45 silly install resolved        'front-end',
45 silly install resolved        'h5bp',
45 silly install resolved        'modernizr',
45 silly install resolved        'jquery',
45 silly install resolved        'gulp' ],
45 silly install resolved     dependencies:
45 silly install resolved      { chalk: '^1.0.0',
45 silly install resolved        'generator-jasmine': '^0.2.1',
45 silly install resolved        'generator-mocha': '^0.2.0',
45 silly install resolved        mkdirp: '^0.5.1',
45 silly install resolved        'underscore.string': '^3.1.1',
45 silly install resolved        wiredep: '^2.2.2',
45 silly install resolved        'yeoman-assert': '^2.0.0',
45 silly install resolved        'yeoman-generator': '^0.20.1',
45 silly install resolved        yosay: '^1.0.0' },
45 silly install resolved     devDependencies: { mocha: '*' },
45 silly install resolved     gitHead: '823c3a222205d9e7abf584d163e854d166169d94',
45 silly install resolved     bugs: { url: 'https://github.com/yeoman/generator-webapp/issues' },
45 silly install resolved     homepage: 'https://github.com/yeoman/generator-webapp#readme',
45 silly install resolved     _id: 'generator-webapp@2.0.0',
45 silly install resolved     _shasum: '4c18813e28096f9596a59d64e0b2e84a2a529378',
45 silly install resolved     _from: 'generator-webapp@*',
45 silly install resolved     _npmVersion: '3.5.3',
45 silly install resolved     _nodeVersion: '5.2.0',
45 silly install resolved     _npmUser: { name: 'sboudrias', email: 'admin@simonboudrias.com' },
45 silly install resolved     dist:
45 silly install resolved      { shasum: '4c18813e28096f9596a59d64e0b2e84a2a529378',
45 silly install resolved        tarball: 'https://registry.npmjs.org/generator-webapp/-/generator-webapp-2.0.0.tgz' },
45 silly install resolved     maintainers:
45 silly install resolved      [ [Object],
45 silly install resolved        [Object],
45 silly install resolved        [Object],
45 silly install resolved        [Object],
45 silly install resolved        [Object],
45 silly install resolved        [Object],
45 silly install resolved        [Object],
45 silly install resolved        [Object] ],
45 silly install resolved     _npmOperationalInternal:
45 silly install resolved      { host: 'packages-6-west.internal.npmjs.com',
45 silly install resolved        tmp: 'tmp/generator-webapp-2.0.0.tgz_1455572399062_0.1195726862642914' },
45 silly install resolved     directories: {},
45 silly install resolved     _resolved: 'https://registry.npmjs.org/generator-webapp/-/generator-webapp-2.0.0.tgz' } ]
46 info install generator-webapp@2.0.0 into /usr/local/lib
47 info installOne generator-webapp@2.0.0
48 verbose installOne of generator-webapp to /usr/local/lib not in flight; installing
49 verbose lock using /Users/Darius/.npm/_locks/generator-webapp-9b485c3ef99446bb.lock for /usr/local/lib/node_modules/generator-webapp
50 silly install write writing generator-webapp 2.0.0 to /usr/local/lib/node_modules/generator-webapp
51 silly cache addNamed cb generator-webapp@2.0.0
52 verbose unbuild lib/node_modules/generator-webapp
53 verbose gentlyRm vacuuming /usr/local/lib/node_modules/generator-webapp
54 verbose tar unpack /Users/Darius/.npm/generator-webapp/2.0.0/package.tgz
55 verbose tar unpacking to /usr/local/lib/node_modules/generator-webapp
56 verbose gentlyRm vacuuming /usr/local/lib/node_modules/generator-webapp
57 silly gunzTarPerm modes [ '755', '644' ]
58 error tar.unpack untar error /Users/Darius/.npm/generator-webapp/2.0.0/package.tgz
59 verbose unlock done using /Users/Darius/.npm/_locks/generator-webapp-9b485c3ef99446bb.lock for /usr/local/lib/node_modules/generator-webapp
60 verbose fstream_path /usr/local/lib/node_modules/generator-webapp
61 verbose fstream_type Directory
62 verbose fstream_class DirWriter
63 verbose stack Error: EACCES, mkdir '/usr/local/lib/node_modules/generator-webapp'
63 verbose stack     at Error (native)
64 verbose fstream_stack /usr/local/lib/node_modules/npm/node_modules/fstream/lib/dir-writer.js:36:23
64 verbose fstream_stack /usr/local/lib/node_modules/npm/node_modules/mkdirp/index.js:46:53
64 verbose fstream_stack FSReqWrap.oncomplete (fs.js:99:15)
65 verbose cwd /Applications/MAMP/htdocs/nfq/vilnius-5
66 error Darwin 15.4.0
67 error argv "node" "/usr/local/bin/npm" "install" "--global" "generator-webapp"
68 error node v0.12.0
69 error npm  v2.5.1
70 error path /usr/local/lib/node_modules/generator-webapp
71 error code EACCES
72 error errno -13
73 error Error: EACCES, mkdir '/usr/local/lib/node_modules/generator-webapp'
73 error     at Error (native)
73 error  { [Error: EACCES, mkdir '/usr/local/lib/node_modules/generator-webapp']
73 error   errno: -13,
73 error   code: 'EACCES',
73 error   path: '/usr/local/lib/node_modules/generator-webapp',
73 error   fstream_type: 'Directory',
73 error   fstream_path: '/usr/local/lib/node_modules/generator-webapp',
73 error   fstream_class: 'DirWriter',
73 error   fstream_stack:
73 error    [ '/usr/local/lib/node_modules/npm/node_modules/fstream/lib/dir-writer.js:36:23',
73 error      '/usr/local/lib/node_modules/npm/node_modules/mkdirp/index.js:46:53',
73 error      'FSReqWrap.oncomplete (fs.js:99:15)' ] }
74 error Please try running this command again as root/Administrator.
75 verbose exit [ -13, true ]
76 verbose unbuild lib/node_modules/generator-webapp
77 verbose gentlyRm vacuuming /usr/local/lib/node_modules/generator-webapp
